It's COFFEE time! - Mon Jun 24 08:40:00 IST 2019
It's COFFEE time! - Mon Jun 24 08:55:00 IST 2019
It's COFFEE time! - Tue Jun 25 08:55:00 IST 2019
It's COFFEE time! - Wed Jun 26 08:55:00 IST 2019
It's COFFEE time! - Thu Jun 27 08:55:00 IST 2019
It's COFFEE time! - Fri Jun 28 08:55:00 IST 2019
It's COFFEE time! - Mon Jul  1 08:55:00 IST 2019
It's COFFEE time! - Tue Jul  2 08:55:00 IST 2019
It's COFFEE time! - Wed Jul  3 08:55:00 IST 2019
It's COFFEE time! - Fri Jul  5 08:55:00 IST 2019
It's COFFEE time! - Wed Jul 10 08:55:01 IST 2019
It's COFFEE time! - Fri Jul 12 08:55:00 IST 2019
It's COFFEE time! - Tue Jul 16 08:55:00 IST 2019
It's COFFEE time! - Thu Jul 18 08:55:00 IST 2019
It's COFFEE time! - Mon Jul 22 08:55:00 IST 2019
It's COFFEE time! - Tue Jul 23 08:55:00 IST 2019
It's COFFEE time! - Wed Jul 24 08:55:00 IST 2019
It's COFFEE time! - Thu Jul 25 08:55:01 IST 2019
It's COFFEE time! - Tue Jul 30 08:55:00 IST 2019
It's COFFEE time! - Wed Jul 31 08:55:00 IST 2019
It's COFFEE time! - Thu Aug  1 08:55:00 IST 2019
It's COFFEE time! - Fri Aug  2 08:55:00 IST 2019
It's COFFEE time! - Tue Aug  6 08:55:00 IST 2019
It's COFFEE time! - Thu Aug  8 08:55:00 IST 2019
It's COFFEE time! - Tue Aug 13 08:55:00 IST 2019
It's COFFEE time! - Wed Aug 14 08:55:00 IST 2019
It's COFFEE time! - Thu Aug 15 08:55:00 IST 2019
It's COFFEE time! - Mon Aug 19 08:55:01 IST 2019
It's COFFEE time! - Tue Aug 20 08:55:00 IST 2019
It's COFFEE time! - Wed Aug 21 08:55:00 IST 2019
It's COFFEE time! - Thu Aug 22 08:55:01 IST 2019
It's COFFEE time! - Fri Aug 23 08:55:01 IST 2019
It's COFFEE time! - Mon Aug 26 08:55:00 IST 2019
